<?xml version="1.0" encoding="UTF-8"?>

<database>

    <role name="role1"/>
    <role name="role2" description="description of role2"/>

    <group name="group1"
           description="description of group1"
           roles="role1,role2,role3">
    </group>

    <group name="group2"/>

    <user name="user1"
          password="pw1"
          roles="role1,role2"
          groups="group1">
    </user>

</database>